\BOOKMARK [1][-]{section.2}{Introduction}{}% 1
\BOOKMARK [1][-]{section.3}{Data Set}{}% 2
\BOOKMARK [2][-]{subsection.3.1}{First data set}{section.3}% 3
\BOOKMARK [2][-]{subsection.3.2}{Second data set}{section.3}% 4
\BOOKMARK [2][-]{subsection.3.3}{Third data set}{section.3}% 5
\BOOKMARK [1][-]{section.4}{Foundations}{}% 6
\BOOKMARK [2][-]{subsection.4.1}{Methods}{section.4}% 7
\BOOKMARK [3][-]{subsubsection.4.1.1}{Filter methods, wrapper methods and embedded methods}{subsection.4.1}% 8
\BOOKMARK [3][-]{subsubsection.4.1.2}{Random forest classifier}{subsection.4.1}% 9
\BOOKMARK [3][-]{subsubsection.4.1.3}{Naive Bayes classifier}{subsection.4.1}% 10
\BOOKMARK [3][-]{subsubsection.4.1.4}{Logistic regression}{subsection.4.1}% 11
\BOOKMARK [3][-]{subsubsection.4.1.5}{k nearest neighbours}{subsection.4.1}% 12
\BOOKMARK [2][-]{subsection.4.2}{Evaluation}{section.4}% 13
\BOOKMARK [3][-]{subsubsection.4.2.1}{Cross validation}{subsection.4.2}% 14
\BOOKMARK [3][-]{subsubsection.4.2.2}{Accuracy measures}{subsection.4.2}% 15
\BOOKMARK [1][-]{section.5}{Experiments}{}% 16
\BOOKMARK [2][-]{subsection.5.1}{Set-Up}{section.5}% 17
\BOOKMARK [2][-]{subsection.5.2}{Analysis and Results}{section.5}% 18
\BOOKMARK [3][-]{subsubsection.5.2.1}{First data set}{subsection.5.2}% 19
\BOOKMARK [3][-]{subsubsection.5.2.2}{Second data set}{subsection.5.2}% 20
\BOOKMARK [3][-]{subsubsection.5.2.3}{Third data set}{subsection.5.2}% 21
\BOOKMARK [1][-]{section.6}{Bonus task}{}% 22
\BOOKMARK [1][-]{appendix.A}{Appendix}{}% 23
